<?xml version="1.0" encoding="UTF-8"?>
<!-- Generated by org.testng.reporters.JUnitXMLReporter -->
<testsuite ignored="5" hostname="DESKTOP-46COAO3" failures="0" tests="3" name="Default test" time="86.423" errors="0" timestamp="2023-01-16T17:50:27 IST">
  <testcase classname="TestCases.LoginPageTest" name="LoginToAppTest" time="8.93"/>
  <testcase classname="TestCases.LoginPageTest" name="verifyCurrentUrlTest" time="2.037"/>
  <testcase classname="TestCases.LoginPageTest" name="verifyTitleTest" time="2.054"/>
  <testcase classname="TestCases.LoginPageTest" name="verifyerrorMsgUsernameTest" time="0.0">
    <ignored/>
  </testcase> <!-- verifyerrorMsgUsernameTest -->
  <testcase classname="TestCases.LoginPageTest" name="verifyerrorMsgPassworTest" time="0.0">
    <ignored/>
  </testcase> <!-- verifyerrorMsgPassworTest -->
  <testcase classname="TestCases.LoginPageTest" name="verifyLoginLogoTest" time="0.0">
    <ignored/>
  </testcase> <!-- verifyLoginLogoTest -->
  <testcase classname="TestCases.LoginPageTest" name="verifyProductTextTest" time="0.0">
    <ignored/>
  </testcase> <!-- verifyProductTextTest -->
  <testcase classname="TestCases.LoginPageTest" name="verifyBottomLogoTest" time="0.0">
    <ignored/>
  </testcase> <!-- verifyBottomLogoTest -->
</testsuite> <!-- Default test -->
