<?xml version="1.0" encoding="UTF-8"?>
<testng-results ignored="5" total="8" passed="3" failed="0" skipped="0">
  <reporter-output>
    <line>
      <![CDATA[ Url of Inventory page : https://www.saucedemo.com/inventory.html]]>
    </line>
    <line>
      <![CDATA[  Url of Web Application : https://www.saucedemo.com/]]>
    </line>
    <line>
      <![CDATA[  Title of Web Application : Swag Labs]]>
    </line>
  </reporter-output>
  <suite started-at="2023-01-16T17:49:00 IST" name="Default suite" finished-at="2023-01-16T17:50:27 IST" duration-ms="86423">
    <groups>
    </groups>
    <test started-at="2023-01-16T17:49:00 IST" name="Default test" finished-at="2023-01-16T17:50:27 IST" duration-ms="86423">
      <class name="TestCases.LoginPageTest">
        <test-method is-config="true" signature="setup()[pri:0, instance:TestCases.LoginPageTest@22e357dc]" started-at="2023-01-16T17:49:00 IST" name="setup" finished-at="2023-01-16T17:49:44 IST" duration-ms="43493" status="PASS">
          <reporter-output>
          </reporter-output>
        </test-method> <!-- setup -->
        <test-method signature="LoginToAppTest()[pri:0, instance:TestCases.LoginPageTest@22e357dc]" started-at="2023-01-16T17:49:44 IST" name="LoginToAppTest" finished-at="2023-01-16T17:49:53 IST" duration-ms="8930" status="PASS">
          <reporter-output>
            <line>
              <![CDATA[ Url of Inventory page : https://www.saucedemo.com/inventory.html]]>
            </line>
          </reporter-output>
        </test-method> <!-- LoginToAppTest -->
        <test-method is-config="true" signature="closeBrowser()[pri:0, instance:TestCases.LoginPageTest@22e357dc]" started-at="2023-01-16T17:49:53 IST" name="closeBrowser" finished-at="2023-01-16T17:49:54 IST" duration-ms="822" status="PASS">
          <reporter-output>
          </reporter-output>
        </test-method> <!-- closeBrowser -->
        <test-method is-config="true" signature="setup()[pri:0, instance:TestCases.LoginPageTest@22e357dc]" started-at="2023-01-16T17:49:54 IST" name="setup" finished-at="2023-01-16T17:50:11 IST" duration-ms="17205" status="PASS">
          <reporter-output>
          </reporter-output>
        </test-method> <!-- setup -->
        <test-method signature="verifyCurrentUrlTest()[pri:0, instance:TestCases.LoginPageTest@22e357dc]" started-at="2023-01-16T17:50:11 IST" name="verifyCurrentUrlTest" finished-at="2023-01-16T17:50:13 IST" duration-ms="2037" status="PASS">
          <reporter-output>
            <line>
              <![CDATA[  Url of Web Application : https://www.saucedemo.com/]]>
            </line>
          </reporter-output>
        </test-method> <!-- verifyCurrentUrlTest -->
        <test-method is-config="true" signature="closeBrowser()[pri:0, instance:TestCases.LoginPageTest@22e357dc]" started-at="2023-01-16T17:50:13 IST" name="closeBrowser" finished-at="2023-01-16T17:50:14 IST" duration-ms="737" status="PASS">
          <reporter-output>
          </reporter-output>
        </test-method> <!-- closeBrowser -->
        <test-method is-config="true" signature="setup()[pri:0, instance:TestCases.LoginPageTest@22e357dc]" started-at="2023-01-16T17:50:14 IST" name="setup" finished-at="2023-01-16T17:50:24 IST" duration-ms="10402" status="PASS">
          <reporter-output>
          </reporter-output>
        </test-method> <!-- setup -->
        <test-method signature="verifyTitleTest()[pri:0, instance:TestCases.LoginPageTest@22e357dc]" started-at="2023-01-16T17:50:24 IST" name="verifyTitleTest" finished-at="2023-01-16T17:50:26 IST" duration-ms="2054" status="PASS">
          <reporter-output>
            <line>
              <![CDATA[  Title of Web Application : Swag Labs]]>
            </line>
          </reporter-output>
        </test-method> <!-- verifyTitleTest -->
        <test-method is-config="true" signature="closeBrowser()[pri:0, instance:TestCases.LoginPageTest@22e357dc]" started-at="2023-01-16T17:50:26 IST" name="closeBrowser" finished-at="2023-01-16T17:50:27 IST" duration-ms="602" status="PASS">
          <reporter-output>
          </reporter-output>
        </test-method> <!-- closeBrowser -->
      </class> <!-- TestCases.LoginPageTest -->
    </test> <!-- Default test -->
  </suite> <!-- Default suite -->
</testng-results>
